19:30:23 **** Incremental Build of configuration Debug for project code ****
make all 
Building target: code
Invoking: GCC C++ Linker
g++  -o "code"  ./src/code.o   
./src/code.o: in function `__static_initialization_and_destruction_0(int, int)':
/usr/include/c++/9/iostream:74:(.text+0x51f): relocation truncated to fit: R_X86_64_PC32 against `.bss'
/usr/include/c++/9/iostream:74:(.text+0x532): relocation truncated to fit: R_X86_64_PC32 against `.bss'
collect2: error: ld returned 1 exit status
make: *** [makefile:47: code] Error 1
"make all" terminated with exit code 2. Build might be incomplete.

19:30:24 Build Failed. 3 errors, 0 warnings. (took 266ms)

