11:17:38 **** Incremental Build of configuration Debug for project IOOM_BT18CSE118_TEST1 ****
make all 
Building file: ../src/IOOM_BT18CSE118_TEST1.cpp
Invoking: GCC C++ Compiler
g++ -O0 -g3 -Wall -c -fmessage-length=0 -MMD -MP -MF"src/IOOM_BT18CSE118_TEST1.d" -MT"src/IOOM_BT18CSE118_TEST1.o" -o "src/IOOM_BT18CSE118_TEST1.o" "../src/IOOM_BT18CSE118_TEST1.cpp"
Finished building: ../src/IOOM_BT18CSE118_TEST1.cpp
 
Building target: IOOM_BT18CSE118_TEST1
Invoking: GCC C++ Linker
g++  -o "IOOM_BT18CSE118_TEST1"  ./src/IOOM_BT18CSE118_TEST1.o   
/usr/bin/ld: ./src/IOOM_BT18CSE118_TEST1.o: in function `CommissionEmployee::~CommissionEmployee()':
/home/hardik/eclipse-workspace/IOOM_BT18CSE118_TEST1/Debug/../src/IOOM_BT18CSE118_TEST1.cpp:169: undefined reference to `Employee::~Employee()'
/usr/bin/ld: ./src/IOOM_BT18CSE118_TEST1.o: in function `HourlyEmployee::~HourlyEmployee()':
/home/hardik/eclipse-workspace/IOOM_BT18CSE118_TEST1/Debug/../src/IOOM_BT18CSE118_TEST1.cpp:108: undefined reference to `Employee::~Employee()'
/usr/bin/ld: ./src/IOOM_BT18CSE118_TEST1.o: in function `SalariedEmployee::~SalariedEmployee()':
/home/hardik/eclipse-workspace/IOOM_BT18CSE118_TEST1/Debug/../src/IOOM_BT18CSE118_TEST1.cpp:64: undefined reference to `Employee::~Employee()'
collect2: error: ld returned 1 exit status
make: *** [makefile:47: IOOM_BT18CSE118_TEST1] Error 1
"make all" terminated with exit code 2. Build might be incomplete.
